<?xml version="1.0" encoding="UTF-8"?>
<!-- Generated by org.testng.reporters.JUnitXMLReporter -->
<testsuite hostname="asus" name="On Firefox" tests="4" failures="0" timestamp="31 Dec 2015 10:05:43 GMT" time="111.11" errors="0">
  <testcase name="logintest" time="28.642" classname="com.orangehrm.testsuite.Login"/>
  <testcase name="addEmployeeTest" time="68.196" classname="com.orangehrm.testsuite.AddEmployee"/>
  <testcase name="getScreenshot" time="0.46" classname="com.orangehrm.testsuite.Capturingscreenshot"/>
  <testcase name="logouttest" time="13.733" classname="com.orangehrm.testsuite.Logout"/>
</testsuite> <!-- On Firefox -->
