<?xml version="1.0" encoding="UTF-8"?>
<!-- Generated by org.testng.reporters.JUnitXMLReporter -->
<testsuite hostname="asus" name="OrangeHRM" tests="4" failures="0" timestamp="30 Dec 2015 06:50:10 GMT" time="145.077" errors="0">
  <testcase name="test" time="40.624" classname="com.orangehrm.testsuite.Login"/>
  <testcase name="addEmployeeTest" time="90.326" classname="com.orangehrm.testsuite.AddEmployee"/>
  <testcase name="getScreenshot" time="0.516" classname="com.orangehrm.testsuite.Capturingscreenshot"/>
  <testcase name="logintest" time="13.532" classname="com.orangehrm.testsuite.Logout"/>
</testsuite> <!-- OrangeHRM -->
